[2025-06-02 18:27:16] [INFO] Starting server report generation
[2025-06-02 18:27:16] [INFO] Server report completed. Warnings: 0, Errors: 0
[2025-06-02 18:27:26] [INFO] Starting server report generation
[2025-06-02 18:27:26] [INFO] Server report completed. Warnings: 0, Errors: 0
[2025-06-02 18:27:54] [INFO] Starting server report generation
[2025-06-02 18:27:55] [INFO] Server report completed. Warnings: 0, Errors: 0
[2025-06-02 18:33:36] [INFO] Starting server report generation
[2025-06-02 18:33:36] [INFO] Server report completed. Warnings: 0, Errors: 0
[2025-06-02 18:33:55] [INFO] Starting server report generation
[2025-06-02 18:36:45] [INFO] Starting server report generation
[2025-06-02 18:38:14] [INFO] Starting server report generation
[2025-06-02 18:41:05] [DEBUG] Loaded module: security_scanner
[2025-06-02 18:41:05] [DEBUG] Loaded module: performance_benchmark
[2025-06-02 18:41:05] [DEBUG] Loaded module: html_generator
[2025-06-02 18:41:05] [DEBUG] Loaded module: email_notifications
[2025-06-02 18:41:05] [DEBUG] Loaded module: health_checker
[2025-06-02 18:41:47] [DEBUG] Loaded module: security_scanner
[2025-06-02 18:41:47] [DEBUG] Loaded module: performance_benchmark
[2025-06-02 18:41:47] [DEBUG] Loaded module: html_generator
[2025-06-02 18:41:47] [DEBUG] Loaded module: email_notifications
[2025-06-02 18:41:47] [DEBUG] Loaded module: health_checker
[2025-06-02 18:46:50] [DEBUG] Loaded module: security_scanner
[2025-06-02 18:46:50] [DEBUG] Loaded module: performance_benchmark
[2025-06-02 18:46:50] [DEBUG] Loaded module: html_generator
[2025-06-02 18:46:50] [DEBUG] Loaded module: email_notifications
[2025-06-02 18:46:50] [DEBUG] Loaded module: health_checker
[2025-06-02 18:47:06] [DEBUG] Loaded module: security_scanner
[2025-06-02 18:47:06] [DEBUG] Loaded module: performance_benchmark
[2025-06-02 18:47:06] [DEBUG] Loaded module: html_generator
[2025-06-02 18:47:06] [DEBUG] Loaded module: email_notifications
[2025-06-02 18:47:06] [DEBUG] Loaded module: health_checker
[2025-06-02 18:47:06] [INFO] Starting server report generation
[2025-06-02 18:47:07] [INFO] Server report completed. Warnings: 0, Errors: 0
[2025-06-02 18:47:19] [DEBUG] Loaded module: security_scanner
[2025-06-02 18:47:19] [DEBUG] Loaded module: performance_benchmark
[2025-06-02 18:47:19] [DEBUG] Loaded module: html_generator
[2025-06-02 18:47:19] [DEBUG] Loaded module: email_notifications
[2025-06-02 18:47:19] [DEBUG] Loaded module: health_checker
[2025-06-02 18:47:19] [INFO] Starting server report generation
[2025-06-02 18:47:20] [INFO] Server report completed. Warnings: 0, Errors: 0
[2025-06-02 18:49:35] [DEBUG] Loaded module: security_scanner
[2025-06-02 18:49:35] [DEBUG] Loaded module: performance_benchmark
[2025-06-02 18:49:35] [DEBUG] Loaded module: html_generator
[2025-06-02 18:49:35] [DEBUG] Loaded module: email_notifications
[2025-06-02 18:49:35] [DEBUG] Loaded module: health_checker
[2025-06-02 18:49:35] [INFO] Starting server report generation
[2025-06-02 18:49:35] [INFO] Server report completed. Warnings: 0, Errors: 0
[2025-06-02 18:50:10] [DEBUG] Loaded module: security_scanner
[2025-06-02 18:50:10] [DEBUG] Loaded module: performance_benchmark
[2025-06-02 18:50:10] [DEBUG] Loaded module: html_generator
[2025-06-02 18:50:10] [DEBUG] Loaded module: email_notifications
[2025-06-02 18:50:10] [DEBUG] Loaded module: health_checker
